<?xml version="1.0" encoding="utf-8"?>
<!DOCTYPE coverage SYSTEM "http://cobertura.sourceforge.net/xml/coverage-04.dtd">
<coverage line-rate="0.301775147928994" branch-rate="0.35" lines-covered="51" lines-valid="169" branches-covered="7" branches-valid="20" complexity="62" version="0" timestamp="1713876467">
  <sources>
    <source>D:\GenSpark\Presidio\Participants\Day7\RequestTrackerSolution\</source>
    <source>C:\</source>
  </sources>
  <packages>
    <package name="RequestTrackerBLLibrary" line-rate="0.421052631578947" branch-rate="0.666666666666667" complexity="15">
      <classes>
        <class name="RequestTrackerBLLibrary.DepartmentBL" filename="D:\GenSpark\Presidio\Participants\Day7\RequestTrackerSolution\RequestTrackerBLLibrary\DepartmentBL.cs" line-rate="0.458333333333333" branch-rate="0.666666666666667" complexity="10">
          <methods>
            <method name="AddDepartment" signature="(...)" line-rate="0" branch-rate="0" complexity="2">
              <lines>
                <line number="17" hits="0" branch="false" />
                <line number="18" hits="0" branch="false" />
                <line number="20" hits="0" branch="true" condition-coverage="0% (0/2)" />
                <line number="21" hits="0" branch="false" />
                <line number="22" hits="0" branch="false" />
                <line number="24" hits="0" branch="false" />
                <line number="25" hits="0" branch="false" />
              </lines>
            </method>
            <method name="ChangeDepartmentName" signature="(...)" line-rate="0" branch-rate="1" complexity="1">
              <lines>
                <line number="28" hits="0" branch="false" />
                <line number="29" hits="0" branch="false" />
              </lines>
            </method>
            <method name="GetDepartmentById" signature="(...)" line-rate="0" branch-rate="1" complexity="1">
              <lines>
                <line number="33" hits="0" branch="false" />
                <line number="34" hits="0" branch="false" />
              </lines>
            </method>
            <method name="GetDepartmentByName" signature="(...)" line-rate="1" branch-rate="1" complexity="4">
              <lines>
                <line number="38" hits="2" branch="false" />
                <line number="39" hits="2" branch="false" />
                <line number="40" hits="6" branch="true" condition-coverage="100% (2/2)" />
                <line number="41" hits="2" branch="true" condition-coverage="100% (2/2)" />
                <line number="42" hits="1" branch="false" />
                <line number="43" hits="1" branch="false" />
                <line number="44" hits="1" branch="false" />
              </lines>
            </method>
            <method name="GetDepartmentList" signature="()" line-rate="0" branch-rate="1" complexity="1">
              <lines>
                <line number="52" hits="0" branch="false" />
                <line number="53" hits="0" branch="false" />
              </lines>
            </method>
            <method name=".ctor" signature="(...)" line-rate="1" branch-rate="1" complexity="1">
              <lines>
                <line number="10" hits="2" branch="false" />
                <line number="11" hits="2" branch="false" />
                <line number="13" hits="2" branch="false" />
                <line number="14" hits="2" branch="false" />
              </lines>
            </method>
          </methods>
          <lines>
            <line number="10" hits="2" branch="false" />
            <line number="11" hits="2" branch="false" />
            <line number="13" hits="2" branch="false" />
            <line number="14" hits="2" branch="false" />
            <line number="17" hits="0" branch="false" />
            <line number="18" hits="0" branch="false" />
            <line number="20" hits="0" branch="true" condition-coverage="0% (0/2)" />
            <line number="21" hits="0" branch="false" />
            <line number="22" hits="0" branch="false" />
            <line number="24" hits="0" branch="false" />
            <line number="25" hits="0" branch="false" />
            <line number="28" hits="0" branch="false" />
            <line number="29" hits="0" branch="false" />
            <line number="33" hits="0" branch="false" />
            <line number="34" hits="0" branch="false" />
            <line number="38" hits="2" branch="false" />
            <line number="39" hits="2" branch="false" />
            <line number="40" hits="6" branch="true" condition-coverage="100% (2/2)" />
            <line number="41" hits="2" branch="true" condition-coverage="100% (2/2)" />
            <line number="42" hits="1" branch="false" />
            <line number="43" hits="1" branch="false" />
            <line number="44" hits="1" branch="false" />
            <line number="52" hits="0" branch="false" />
            <line number="53" hits="0" branch="false" />
          </lines>
        </class>
        <class name="RequestTrackerBLLibrary.DepartmentNotFoundException" filename="D:\GenSpark\Presidio\Participants\Day7\RequestTrackerSolution\RequestTrackerBLLibrary\DepartmentNotFoundException.cs" line-rate="0.555555555555556" branch-rate="1" complexity="3">
          <methods>
            <method name="get_Message" signature="()" line-rate="1" branch-rate="1" complexity="1">
              <lines>
                <line number="17" hits="1" branch="false" />
              </lines>
            </method>
            <method name=".ctor" signature="()" line-rate="1" branch-rate="1" complexity="1">
              <lines>
                <line number="9" hits="1" branch="false" />
                <line number="10" hits="1" branch="false" />
                <line number="11" hits="1" branch="false" />
                <line number="12" hits="1" branch="false" />
              </lines>
            </method>
            <method name=".ctor" signature="(...)" line-rate="0" branch-rate="1" complexity="1">
              <lines>
                <line number="13" hits="0" branch="false" />
                <line number="14" hits="0" branch="false" />
                <line number="15" hits="0" branch="false" />
                <line number="16" hits="0" branch="false" />
              </lines>
            </method>
          </methods>
          <lines>
            <line number="9" hits="1" branch="false" />
            <line number="10" hits="1" branch="false" />
            <line number="11" hits="1" branch="false" />
            <line number="12" hits="1" branch="false" />
            <line number="13" hits="0" branch="false" />
            <line number="14" hits="0" branch="false" />
            <line number="15" hits="0" branch="false" />
            <line number="16" hits="0" branch="false" />
            <line number="17" hits="1" branch="false" />
          </lines>
        </class>
        <class name="RequestTrackerBLLibrary.DuplicateDepartmentNameException" filename="D:\GenSpark\Presidio\Participants\Day7\RequestTrackerSolution\RequestTrackerBLLibrary\DuplicateDepartmentNameException.cs" line-rate="0" branch-rate="1" complexity="2">
          <methods>
            <method name="get_Message" signature="()" line-rate="0" branch-rate="1" complexity="1">
              <lines>
                <line number="16" hits="0" branch="false" />
              </lines>
            </method>
            <method name=".ctor" signature="()" line-rate="0" branch-rate="1" complexity="1">
              <lines>
                <line number="12" hits="0" branch="false" />
                <line number="13" hits="0" branch="false" />
                <line number="14" hits="0" branch="false" />
                <line number="15" hits="0" branch="false" />
              </lines>
            </method>
          </methods>
          <lines>
            <line number="12" hits="0" branch="false" />
            <line number="13" hits="0" branch="false" />
            <line number="14" hits="0" branch="false" />
            <line number="15" hits="0" branch="false" />
            <line number="16" hits="0" branch="false" />
          </lines>
        </class>
      </classes>
    </package>
    <package name="RequestTrackerBLTest" line-rate="0.933333333333333" branch-rate="1" complexity="4">
      <classes>
        <class name="AutoGeneratedProgram" filename="C:\Users\gayat\.nuget\packages\microsoft.net.test.sdk\17.5.0\build\netcoreapp3.1\Microsoft.NET.Test.Sdk.Program.cs" line-rate="0" branch-rate="1" complexity="1">
          <methods>
            <method name="Main" signature="(...)" line-rate="0" branch-rate="1" complexity="1">
              <lines>
                <line number="4" hits="0" branch="false" />
              </lines>
            </method>
          </methods>
          <lines>
            <line number="4" hits="0" branch="false" />
          </lines>
        </class>
        <class name="RequestTrackerBLTest.DepartmentBLTest" filename="D:\GenSpark\Presidio\Participants\Day7\RequestTrackerSolution\RequestTrackerBLTest\DepartmentBLTest.cs" line-rate="1" branch-rate="1" complexity="3">
          <methods>
            <method name="Setup" signature="()" line-rate="1" branch-rate="1" complexity="1">
              <lines>
                <line number="13" hits="2" branch="false" />
                <line number="14" hits="2" branch="false" />
                <line number="15" hits="2" branch="false" />
                <line number="16" hits="2" branch="false" />
                <line number="17" hits="2" branch="false" />
                <line number="18" hits="2" branch="false" />
              </lines>
            </method>
            <method name="GetDepartmnetByNameTest" signature="()" line-rate="1" branch-rate="1" complexity="1">
              <lines>
                <line number="22" hits="1" branch="false" />
                <line number="24" hits="1" branch="false" />
                <line number="26" hits="1" branch="false" />
                <line number="27" hits="1" branch="false" />
              </lines>
            </method>
            <method name="GetDepartmnetByNameExceptionTest" signature="()" line-rate="1" branch-rate="1" complexity="1">
              <lines>
                <line number="30" hits="1" branch="false" />
                <line number="32" hits="2" branch="false" />
                <line number="34" hits="1" branch="false" />
                <line number="35" hits="1" branch="false" />
              </lines>
            </method>
          </methods>
          <lines>
            <line number="13" hits="2" branch="false" />
            <line number="14" hits="2" branch="false" />
            <line number="15" hits="2" branch="false" />
            <line number="16" hits="2" branch="false" />
            <line number="17" hits="2" branch="false" />
            <line number="18" hits="2" branch="false" />
            <line number="22" hits="1" branch="false" />
            <line number="24" hits="1" branch="false" />
            <line number="26" hits="1" branch="false" />
            <line number="27" hits="1" branch="false" />
            <line number="30" hits="1" branch="false" />
            <line number="32" hits="2" branch="false" />
            <line number="34" hits="1" branch="false" />
            <line number="35" hits="1" branch="false" />
          </lines>
        </class>
      </classes>
    </package>
    <package name="RequestTrackerDALLibrary" line-rate="0.439024390243902" branch-rate="0.25" complexity="13">
      <classes>
        <class name="RequestTrackerDALLibrary.DepartmentRepository" filename="D:\GenSpark\Presidio\Participants\Day7\RequestTrackerSolution\RequestTrackerDALLibrary\DepartmentRepository.cs" line-rate="0.439024390243902" branch-rate="0.25" complexity="13">
          <methods>
            <method name="GenerateId" signature="()" line-rate="0.666666666666667" branch-rate="0.5" complexity="2">
              <lines>
                <line number="13" hits="2" branch="false" />
                <line number="14" hits="2" branch="true" condition-coverage="50% (1/2)" />
                <line number="15" hits="2" branch="false" />
                <line number="16" hits="0" branch="false" />
                <line number="17" hits="0" branch="false" />
                <line number="18" hits="2" branch="false" />
              </lines>
            </method>
            <method name="Add" signature="(...)" line-rate="0.75" branch-rate="0.5" complexity="2">
              <lines>
                <line number="20" hits="2" branch="false" />
                <line number="21" hits="2" branch="true" condition-coverage="50% (1/2)" />
                <line number="22" hits="0" branch="false" />
                <line number="23" hits="0" branch="false" />
                <line number="25" hits="2" branch="false" />
                <line number="26" hits="2" branch="false" />
                <line number="27" hits="2" branch="false" />
                <line number="28" hits="2" branch="false" />
              </lines>
            </method>
            <method name="Delete" signature="(...)" line-rate="0" branch-rate="0" complexity="2">
              <lines>
                <line number="31" hits="0" branch="false" />
                <line number="32" hits="0" branch="true" condition-coverage="0% (0/2)" />
                <line number="33" hits="0" branch="false" />
                <line number="34" hits="0" branch="false" />
                <line number="35" hits="0" branch="false" />
                <line number="36" hits="0" branch="false" />
                <line number="38" hits="0" branch="false" />
                <line number="39" hits="0" branch="false" />
              </lines>
            </method>
            <method name="Get" signature="(...)" line-rate="0" branch-rate="0" complexity="2">
              <lines>
                <line number="42" hits="0" branch="false" />
                <line number="44" hits="0" branch="true" condition-coverage="0% (0/2)" />
                <line number="45" hits="0" branch="false" />
              </lines>
            </method>
            <method name="GetAll" signature="()" line-rate="0.8" branch-rate="0.5" complexity="2">
              <lines>
                <line number="48" hits="2" branch="false" />
                <line number="49" hits="2" branch="true" condition-coverage="50% (1/2)" />
                <line number="50" hits="0" branch="false" />
                <line number="51" hits="2" branch="false" />
                <line number="52" hits="2" branch="false" />
              </lines>
            </method>
            <method name="Update" signature="(...)" line-rate="0" branch-rate="0" complexity="2">
              <lines>
                <line number="55" hits="0" branch="false" />
                <line number="56" hits="0" branch="true" condition-coverage="0% (0/2)" />
                <line number="57" hits="0" branch="false" />
                <line number="58" hits="0" branch="false" />
                <line number="59" hits="0" branch="false" />
                <line number="61" hits="0" branch="false" />
                <line number="62" hits="0" branch="false" />
              </lines>
            </method>
            <method name=".ctor" signature="()" line-rate="1" branch-rate="1" complexity="1">
              <lines>
                <line number="8" hits="2" branch="false" />
                <line number="9" hits="2" branch="false" />
                <line number="10" hits="2" branch="false" />
                <line number="11" hits="2" branch="false" />
              </lines>
            </method>
          </methods>
          <lines>
            <line number="8" hits="2" branch="false" />
            <line number="9" hits="2" branch="false" />
            <line number="10" hits="2" branch="false" />
            <line number="11" hits="2" branch="false" />
            <line number="13" hits="2" branch="false" />
            <line number="14" hits="2" branch="true" condition-coverage="50% (1/2)" />
            <line number="15" hits="2" branch="false" />
            <line number="16" hits="0" branch="false" />
            <line number="17" hits="0" branch="false" />
            <line number="18" hits="2" branch="false" />
            <line number="20" hits="2" branch="false" />
            <line number="21" hits="2" branch="true" condition-coverage="50% (1/2)" />
            <line number="22" hits="0" branch="false" />
            <line number="23" hits="0" branch="false" />
            <line number="25" hits="2" branch="false" />
            <line number="26" hits="2" branch="false" />
            <line number="27" hits="2" branch="false" />
            <line number="28" hits="2" branch="false" />
            <line number="31" hits="0" branch="false" />
            <line number="32" hits="0" branch="true" condition-coverage="0% (0/2)" />
            <line number="33" hits="0" branch="false" />
            <line number="34" hits="0" branch="false" />
            <line number="35" hits="0" branch="false" />
            <line number="36" hits="0" branch="false" />
            <line number="38" hits="0" branch="false" />
            <line number="39" hits="0" branch="false" />
            <line number="42" hits="0" branch="false" />
            <line number="44" hits="0" branch="true" condition-coverage="0% (0/2)" />
            <line number="45" hits="0" branch="false" />
            <line number="48" hits="2" branch="false" />
            <line number="49" hits="2" branch="true" condition-coverage="50% (1/2)" />
            <line number="50" hits="0" branch="false" />
            <line number="51" hits="2" branch="false" />
            <line number="52" hits="2" branch="false" />
            <line number="55" hits="0" branch="false" />
            <line number="56" hits="0" branch="true" condition-coverage="0% (0/2)" />
            <line number="57" hits="0" branch="false" />
            <line number="58" hits="0" branch="false" />
            <line number="59" hits="0" branch="false" />
            <line number="61" hits="0" branch="false" />
            <line number="62" hits="0" branch="false" />
          </lines>
        </class>
      </classes>
    </package>
    <package name="RequestTrakerModelLibrary" line-rate="0.04" branch-rate="0" complexity="30">
      <classes>
        <class name="RequestTrakerModelLibrary.Department" filename="D:\GenSpark\Presidio\Participants\Day7\RequestTrackerSolution\RequestTrakerModelLibrary\Department.cs" line-rate="0.333333333333333" branch-rate="1" complexity="5">
          <methods>
            <method name="get_Id" signature="()" line-rate="1" branch-rate="1" complexity="1">
              <lines>
                <line number="11" hits="5" branch="false" />
              </lines>
            </method>
            <method name="get_Name" signature="()" line-rate="1" branch-rate="1" complexity="1">
              <lines>
                <line number="12" hits="4" branch="false" />
              </lines>
            </method>
            <method name="get_Department_Head" signature="()" line-rate="1" branch-rate="1" complexity="1">
              <lines>
                <line number="13" hits="2" branch="false" />
              </lines>
            </method>
            <method name="Equals" signature="(...)" line-rate="0" branch-rate="1" complexity="1">
              <lines>
                <line number="15" hits="0" branch="false" />
                <line number="16" hits="0" branch="false" />
                <line number="17" hits="0" branch="false" />
              </lines>
            </method>
            <method name="ToString" signature="()" line-rate="0" branch-rate="1" complexity="1">
              <lines>
                <line number="19" hits="0" branch="false" />
                <line number="20" hits="0" branch="false" />
                <line number="21" hits="0" branch="false" />
              </lines>
            </method>
          </methods>
          <lines>
            <line number="11" hits="5" branch="false" />
            <line number="12" hits="4" branch="false" />
            <line number="13" hits="2" branch="false" />
            <line number="15" hits="0" branch="false" />
            <line number="16" hits="0" branch="false" />
            <line number="17" hits="0" branch="false" />
            <line number="19" hits="0" branch="false" />
            <line number="20" hits="0" branch="false" />
            <line number="21" hits="0" branch="false" />
          </lines>
        </class>
        <class name="RequestTrakerModelLibrary.Employee" filename="D:\GenSpark\Presidio\Participants\Day7\RequestTrackerSolution\RequestTrakerModelLibrary\Employee.cs" line-rate="0" branch-rate="0" complexity="17">
          <methods>
            <method name="get_EmployeeDepartment" signature="()" line-rate="0" branch-rate="1" complexity="1">
              <lines>
                <line number="5" hits="0" branch="false" />
              </lines>
            </method>
            <method name="get_Id" signature="()" line-rate="0" branch-rate="1" complexity="1">
              <lines>
                <line number="8" hits="0" branch="false" />
              </lines>
            </method>
            <method name="get_Name" signature="()" line-rate="0" branch-rate="1" complexity="1">
              <lines>
                <line number="9" hits="0" branch="false" />
              </lines>
            </method>
            <method name="get_Age" signature="()" line-rate="0" branch-rate="1" complexity="1">
              <lines>
                <line number="13" hits="0" branch="false" />
                <line number="14" hits="0" branch="false" />
                <line number="15" hits="0" branch="false" />
              </lines>
            </method>
            <method name="get_DateOfBirth" signature="()" line-rate="0" branch-rate="1" complexity="1">
              <lines>
                <line number="19" hits="0" branch="false" />
              </lines>
            </method>
            <method name="set_DateOfBirth" signature="(...)" line-rate="0" branch-rate="1" complexity="1">
              <lines>
                <line number="21" hits="0" branch="false" />
                <line number="22" hits="0" branch="false" />
                <line number="23" hits="0" branch="false" />
                <line number="24" hits="0" branch="false" />
              </lines>
            </method>
            <method name="get_Salary" signature="()" line-rate="0" branch-rate="1" complexity="1">
              <lines>
                <line number="26" hits="0" branch="false" />
              </lines>
            </method>
            <method name="get_Type" signature="()" line-rate="0" branch-rate="1" complexity="1">
              <lines>
                <line number="27" hits="0" branch="false" />
              </lines>
            </method>
            <method name="get_Role" signature="()" line-rate="0" branch-rate="1" complexity="1">
              <lines>
                <line number="28" hits="0" branch="false" />
              </lines>
            </method>
            <method name="BuildEmployeeFromConsole" signature="()" line-rate="0" branch-rate="0" complexity="2">
              <lines>
                <line number="48" hits="0" branch="false" />
                <line number="49" hits="0" branch="false" />
                <line number="50" hits="0" branch="true" condition-coverage="0% (0/2)" />
                <line number="51" hits="0" branch="false" />
                <line number="52" hits="0" branch="false" />
                <line number="53" hits="0" branch="false" />
                <line number="54" hits="0" branch="false" />
              </lines>
            </method>
            <method name="ToString" signature="()" line-rate="0" branch-rate="1" complexity="1">
              <lines>
                <line number="58" hits="0" branch="false" />
                <line number="59" hits="0" branch="false" />
                <line number="60" hits="0" branch="false" />
                <line number="61" hits="0" branch="false" />
                <line number="62" hits="0" branch="false" />
                <line number="63" hits="0" branch="false" />
                <line number="64" hits="0" branch="false" />
                <line number="65" hits="0" branch="false" />
              </lines>
            </method>
            <method name="Equals" signature="(...)" line-rate="0" branch-rate="1" complexity="1">
              <lines>
                <line number="67" hits="0" branch="false" />
                <line number="69" hits="0" branch="false" />
                <line number="71" hits="0" branch="false" />
                <line number="72" hits="0" branch="false" />
                <line number="73" hits="0" branch="false" />
              </lines>
            </method>
            <method name="op_Equality" signature="(...)" line-rate="0" branch-rate="1" complexity="1">
              <lines>
                <line number="75" hits="0" branch="false" />
                <line number="76" hits="0" branch="false" />
                <line number="78" hits="0" branch="false" />
              </lines>
            </method>
            <method name="op_Inequality" signature="(...)" line-rate="0" branch-rate="1" complexity="1">
              <lines>
                <line number="80" hits="0" branch="false" />
                <line number="81" hits="0" branch="false" />
                <line number="82" hits="0" branch="false" />
              </lines>
            </method>
            <method name=".ctor" signature="()" line-rate="0" branch-rate="1" complexity="1">
              <lines>
                <line number="30" hits="0" branch="false" />
                <line number="31" hits="0" branch="false" />
                <line number="32" hits="0" branch="false" />
                <line number="33" hits="0" branch="false" />
                <line number="34" hits="0" branch="false" />
                <line number="35" hits="0" branch="false" />
                <line number="36" hits="0" branch="false" />
                <line number="37" hits="0" branch="false" />
                <line number="38" hits="0" branch="false" />
              </lines>
            </method>
            <method name=".ctor" signature="(...)" line-rate="0" branch-rate="1" complexity="1">
              <lines>
                <line number="39" hits="0" branch="false" />
                <line number="40" hits="0" branch="false" />
                <line number="41" hits="0" branch="false" />
                <line number="42" hits="0" branch="false" />
                <line number="43" hits="0" branch="false" />
                <line number="44" hits="0" branch="false" />
                <line number="45" hits="0" branch="false" />
              </lines>
            </method>
          </methods>
          <lines>
            <line number="5" hits="0" branch="false" />
            <line number="8" hits="0" branch="false" />
            <line number="9" hits="0" branch="false" />
            <line number="13" hits="0" branch="false" />
            <line number="14" hits="0" branch="false" />
            <line number="15" hits="0" branch="false" />
            <line number="19" hits="0" branch="false" />
            <line number="21" hits="0" branch="false" />
            <line number="22" hits="0" branch="false" />
            <line number="23" hits="0" branch="false" />
            <line number="24" hits="0" branch="false" />
            <line number="26" hits="0" branch="false" />
            <line number="27" hits="0" branch="false" />
            <line number="28" hits="0" branch="false" />
            <line number="30" hits="0" branch="false" />
            <line number="31" hits="0" branch="false" />
            <line number="32" hits="0" branch="false" />
            <line number="33" hits="0" branch="false" />
            <line number="34" hits="0" branch="false" />
            <line number="35" hits="0" branch="false" />
            <line number="36" hits="0" branch="false" />
            <line number="37" hits="0" branch="false" />
            <line number="38" hits="0" branch="false" />
            <line number="39" hits="0" branch="false" />
            <line number="40" hits="0" branch="false" />
            <line number="41" hits="0" branch="false" />
            <line number="42" hits="0" branch="false" />
            <line number="43" hits="0" branch="false" />
            <line number="44" hits="0" branch="false" />
            <line number="45" hits="0" branch="false" />
            <line number="48" hits="0" branch="false" />
            <line number="49" hits="0" branch="false" />
            <line number="50" hits="0" branch="true" condition-coverage="0% (0/2)" />
            <line number="51" hits="0" branch="false" />
            <line number="52" hits="0" branch="false" />
            <line number="53" hits="0" branch="false" />
            <line number="54" hits="0" branch="false" />
            <line number="58" hits="0" branch="false" />
            <line number="59" hits="0" branch="false" />
            <line number="60" hits="0" branch="false" />
            <line number="61" hits="0" branch="false" />
            <line number="62" hits="0" branch="false" />
            <line number="63" hits="0" branch="false" />
            <line number="64" hits="0" branch="false" />
            <line number="65" hits="0" branch="false" />
            <line number="67" hits="0" branch="false" />
            <line number="69" hits="0" branch="false" />
            <line number="71" hits="0" branch="false" />
            <line number="72" hits="0" branch="false" />
            <line number="73" hits="0" branch="false" />
            <line number="75" hits="0" branch="false" />
            <line number="76" hits="0" branch="false" />
            <line number="78" hits="0" branch="false" />
            <line number="80" hits="0" branch="false" />
            <line number="81" hits="0" branch="false" />
            <line number="82" hits="0" branch="false" />
          </lines>
        </class>
        <class name="RequestTrakerModelLibrary.Request" filename="D:\GenSpark\Presidio\Participants\Day7\RequestTrackerSolution\RequestTrakerModelLibrary\Request.cs" line-rate="0" branch-rate="1" complexity="8">
          <methods>
            <method name="get_Id" signature="()" line-rate="0" branch-rate="1" complexity="1">
              <lines>
                <line number="11" hits="0" branch="false" />
              </lines>
            </method>
            <method name="get_RequestText" signature="()" line-rate="0" branch-rate="1" complexity="1">
              <lines>
                <line number="12" hits="0" branch="false" />
              </lines>
            </method>
            <method name="get_Raised_By" signature="()" line-rate="0" branch-rate="1" complexity="1">
              <lines>
                <line number="13" hits="0" branch="false" />
              </lines>
            </method>
            <method name="get_Status" signature="()" line-rate="0" branch-rate="1" complexity="1">
              <lines>
                <line number="14" hits="0" branch="false" />
              </lines>
            </method>
            <method name="get_Closed_By" signature="()" line-rate="0" branch-rate="1" complexity="1">
              <lines>
                <line number="15" hits="0" branch="false" />
              </lines>
            </method>
            <method name="get_RaisedDate" signature="()" line-rate="0" branch-rate="1" complexity="1">
              <lines>
                <line number="16" hits="0" branch="false" />
              </lines>
            </method>
            <method name="get_ClosedDate" signature="()" line-rate="0" branch-rate="1" complexity="1">
              <lines>
                <line number="17" hits="0" branch="false" />
              </lines>
            </method>
            <method name="Equals" signature="(...)" line-rate="0" branch-rate="1" complexity="1">
              <lines>
                <line number="20" hits="0" branch="false" />
                <line number="21" hits="0" branch="false" />
                <line number="22" hits="0" branch="false" />
              </lines>
            </method>
          </methods>
          <lines>
            <line number="11" hits="0" branch="false" />
            <line number="12" hits="0" branch="false" />
            <line number="13" hits="0" branch="false" />
            <line number="14" hits="0" branch="false" />
            <line number="15" hits="0" branch="false" />
            <line number="16" hits="0" branch="false" />
            <line number="17" hits="0" branch="false" />
            <line number="20" hits="0" branch="false" />
            <line number="21" hits="0" branch="false" />
            <line number="22" hits="0" branch="false" />
          </lines>
        </class>
      </classes>
    </package>
  </packages>
</coverage>